<?xml version="1.0" encoding="UTF-8"?>
<testng-results skipped="0" failed="0" ignored="0" total="2" passed="2">
  <reporter-output>
  </reporter-output>
  <suite name="regression test suite" duration-ms="20233" started-at="2020-07-24T10:10:01Z" finished-at="2020-07-24T10:10:21Z">
    <groups>
    </groups>
    <test name="login test" duration-ms="20233" started-at="2020-07-24T10:10:01Z" finished-at="2020-07-24T10:10:21Z">
      <class name="testScripts.LoginLogout">
        <test-method status="PASS" signature="setExtent()[pri:0, instance:testScripts.LoginLogout@5cb9f472]" name="setExtent" is-config="true" duration-ms="10371" started-at="2020-07-24T10:10:01Z" finished-at="2020-07-24T10:10:12Z">
          <reporter-output>
          </reporter-output>
        </test-method> <!-- setExtent -->
        <test-method status="PASS" signature="logintestandLogout(java.lang.String, java.lang.String)[pri:0, instance:testScripts.LoginLogout@5cb9f472]" name="logintestandLogout" duration-ms="3387" started-at="2020-07-24T10:10:13Z" data-provider="testData" finished-at="2020-07-24T10:10:16Z">
          <params>
            <param index="0">
              <value>
                <![CDATA[Aila]]>
              </value>
            </param>
            <param index="1">
              <value>
                <![CDATA[Manju]]>
              </value>
            </param>
          </params>
          <reporter-output>
          </reporter-output>
        </test-method> <!-- logintestandLogout -->
        <test-method status="PASS" signature="tearDown(org.testng.ITestResult)[pri:0, instance:testScripts.LoginLogout@5cb9f472]" name="tearDown" is-config="true" duration-ms="13" started-at="2020-07-24T10:10:16Z" finished-at="2020-07-24T10:10:16Z">
          <params>
            <param index="0">
              <value>
                <![CDATA[[TestResult name=logintestandLogout status=SUCCESS method=LoginLogout.logintestandLogout(java.lang.String, java.lang.String)[pri:0, instance:testScripts.LoginLogout@5cb9f472] output={null}]]]>
              </value>
            </param>
          </params>
          <reporter-output>
          </reporter-output>
        </test-method> <!-- tearDown -->
        <test-method status="PASS" signature="logintestandLogout(java.lang.String, java.lang.String)[pri:0, instance:testScripts.LoginLogout@5cb9f472]" name="logintestandLogout" duration-ms="3168" started-at="2020-07-24T10:10:16Z" data-provider="testData" finished-at="2020-07-24T10:10:19Z">
          <params>
            <param index="0">
              <value>
                <![CDATA[Phani]]>
              </value>
            </param>
            <param index="1">
              <value>
                <![CDATA[Nagandla]]>
              </value>
            </param>
          </params>
          <reporter-output>
          </reporter-output>
        </test-method> <!-- logintestandLogout -->
        <test-method status="PASS" signature="tearDown(org.testng.ITestResult)[pri:0, instance:testScripts.LoginLogout@5cb9f472]" name="tearDown" is-config="true" duration-ms="62" started-at="2020-07-24T10:10:19Z" finished-at="2020-07-24T10:10:19Z">
          <params>
            <param index="0">
              <value>
                <![CDATA[[TestResult name=logintestandLogout status=SUCCESS method=LoginLogout.logintestandLogout(java.lang.String, java.lang.String)[pri:0, instance:testScripts.LoginLogout@5cb9f472] output={null}]]]>
              </value>
            </param>
          </params>
          <reporter-output>
          </reporter-output>
        </test-method> <!-- tearDown -->
        <test-method status="PASS" signature="endReport()[pri:0, instance:testScripts.LoginLogout@5cb9f472]" name="endReport" is-config="true" duration-ms="1988" started-at="2020-07-24T10:10:19Z" finished-at="2020-07-24T10:10:21Z">
          <reporter-output>
          </reporter-output>
        </test-method> <!-- endReport -->
      </class> <!-- testScripts.LoginLogout -->
    </test> <!-- login test -->
  </suite> <!-- regression test suite -->
</testng-results>
